Running: /opt/Xilinx/14.7/ISE_DS/ISE/bin/lin/unwrapped/fuse -intstyle ise -incremental -lib secureip -o /home/iffat/Desktop/display_module/testbench_isim_beh.exe -prj /home/iffat/Desktop/display_module/testbench_beh.prj testbench 
ISim P.20131013 (signature 0xfbc00daa)
Number of CPUs detected in this system: 4
Turning on mult-threading, number of parallel sub-compilation jobs: 8 
Determining compilation order of HDL files
Parsing VHDL file "/home/iffat/Desktop/display_module/reg_file.vhd" into library work
Parsing VHDL file "/home/iffat/Desktop/display_module/mux_4x1.vhd" into library work
Parsing VHDL file "/home/iffat/Desktop/display_module/mux_2x1.vhd" into library work
Parsing VHDL file "/home/iffat/Desktop/display_module/mux8_2x1.vhd" into library work
Parsing VHDL file "/home/iffat/Desktop/display_module/lcd_fsm.vhd" into library work
Parsing VHDL file "/home/iffat/Desktop/display_module/generic_mux.vhd" into library work
Parsing VHDL file "/home/iffat/Desktop/display_module/counter.vhd" into library work
Parsing VHDL file "/home/iffat/Desktop/display_module/control_fsm.vhd" into library work
Parsing VHDL file "/home/iffat/Desktop/display_module/main.vhd" into library work
Parsing VHDL file "/home/iffat/Desktop/display_module/tb_main.vhd" into library work
Starting static elaboration
Completed static elaboration
Fuse Memory Usage: 38644 KB
Fuse CPU Usage: 1730 ms
Compiling package standard
Compiling package std_logic_1164
Compiling package numeric_std
Compiling package std_logic_arith
Compiling package std_logic_unsigned
Compiling architecture behavioral of entity mux_4x1 [mux_4x1_default]
Compiling architecture behavioral of entity mux_2x1 [mux_2x1_default]
Compiling architecture behavioral of entity reg_file [reg_file_default]
Compiling architecture behavioral of entity mux8_2x1 [mux8_2x1_default]
Compiling architecture behavioral of entity lcd_fsm [lcd_fsm_default]
Compiling architecture behavioral of entity control_fsm [control_fsm_default]
Compiling architecture behavioral of entity counter [counter_default]
Compiling architecture behavioral of entity generic_mux [\generic_mux(40,8)\]
Compiling architecture behavioral of entity main [main_default]
Compiling architecture behavior of entity testbench
Time Resolution for simulation is 1ps.
Waiting for 3 sub-compilation(s) to finish...
Compiled 24 VHDL Units
Built simulation executable /home/iffat/Desktop/display_module/testbench_isim_beh.exe
Fuse Memory Usage: 95568 KB
Fuse CPU Usage: 1920 ms
GCC CPU Usage: 910 ms
